[DEBUG]2018-11-11 15:45:49,348: <re.Match object; span=(1088, 1781), match='typedef enum {\n    ES_NO_EVENT, ES_ERROR, /* use>
[DEBUG]2018-11-11 15:45:49,348: ['ES_NO_EVENT', 'ES_ERROR', 'ES_INIT', 'ES_ENTRY', 'ES_EXIT', 'ES_KEYINPUT', 'ES_LISTEVENTS', 'ES_TIMEOUT', 'ES_TIMERACTIVE', 'ES_TIMERSTOPPED', 'BATTERY_CONNECTED', 'BATTERY_DISCONNECTED', 'NUMBEROFEVENTS']
[DEBUG]2018-11-11 15:45:49,348: 
static const char *EventNames[] = {
	"ES_NO_EVENT",
	"ES_ERROR",
	"ES_INIT",
	"ES_ENTRY",
	"ES_EXIT",
	"ES_KEYINPUT",
	"ES_LISTEVENTS",
	"ES_TIMEOUT",
	"ES_TIMERACTIVE",
	"ES_TIMERSTOPPED",
	"BATTERY_CONNECTED",
	"BATTERY_DISCONNECTED",
	"NUMBEROFEVENTS",
};


[DEBUG]2018-11-11 15:45:49,364: None
[DEBUG]2018-11-11 15:45:49,364: None
[DEBUG]2018-11-11 15:45:49,364: None
[DEBUG]2018-11-11 15:45:49,364: None
[DEBUG]2018-11-11 15:45:49,364: None
[DEBUG]2018-11-11 15:45:49,364: None
[DEBUG]2018-11-11 15:45:49,364: None
[DEBUG]2018-11-11 15:45:49,364: None
[DEBUG]2018-11-11 15:45:49,364: None
[DEBUG]2018-11-11 15:45:49,364: None
[DEBUG]2018-11-11 15:45:49,364: None
[DEBUG]2018-11-11 15:45:49,364: None
[DEBUG]2018-11-11 15:45:49,364: None
[DEBUG]2018-11-11 15:45:49,364: None
[DEBUG]2018-11-11 15:45:49,364: None
[DEBUG]2018-11-11 15:45:49,364: None
[DEBUG]2018-11-11 15:45:49,364: None
[DEBUG]2018-11-11 15:45:49,364: None
[DEBUG]2018-11-11 15:45:49,364: None
[DEBUG]2018-11-11 15:45:49,364: None
[DEBUG]2018-11-11 15:45:49,364: None
[DEBUG]2018-11-11 15:45:49,364: None
[DEBUG]2018-11-11 15:45:49,364: None
[DEBUG]2018-11-11 15:45:49,364: None
[DEBUG]2018-11-11 15:45:49,364: None
[DEBUG]2018-11-11 15:45:49,364: None
[DEBUG]2018-11-11 15:45:49,364: None
[DEBUG]2018-11-11 15:45:49,364: None
[DEBUG]2018-11-11 15:45:49,364: None
[DEBUG]2018-11-11 15:45:49,364: None
[DEBUG]2018-11-11 15:45:49,364: None
[DEBUG]2018-11-11 15:45:49,364: None
[DEBUG]2018-11-11 15:45:49,364: None
[DEBUG]2018-11-11 15:45:49,364: None
[DEBUG]2018-11-11 15:45:49,364: None
[DEBUG]2018-11-11 15:45:49,364: None
[DEBUG]2018-11-11 15:45:49,364: None
[DEBUG]2018-11-11 15:45:49,364: None
[DEBUG]2018-11-11 15:45:49,364: None
[DEBUG]2018-11-11 15:45:49,364: None
[DEBUG]2018-11-11 15:45:49,364: None
[DEBUG]2018-11-11 15:45:49,364: None
[DEBUG]2018-11-11 15:45:49,364: None
[DEBUG]2018-11-11 15:45:49,364: None
[DEBUG]2018-11-11 15:45:49,364: None
[DEBUG]2018-11-11 15:45:49,364: None
[DEBUG]2018-11-11 15:45:49,364: None
[DEBUG]2018-11-11 15:45:49,364: None
[DEBUG]2018-11-11 15:45:49,364: None
[DEBUG]2018-11-11 15:45:49,364: None
[DEBUG]2018-11-11 15:45:49,364: None
[DEBUG]2018-11-11 15:45:49,364: None
[DEBUG]2018-11-11 15:45:49,364: None
[DEBUG]2018-11-11 15:45:49,364: None
[DEBUG]2018-11-11 15:45:49,364: None
[DEBUG]2018-11-11 15:45:49,364: None
[DEBUG]2018-11-11 15:45:49,364: None
[DEBUG]2018-11-11 15:45:49,364: None
[DEBUG]2018-11-11 15:45:49,364: None
[DEBUG]2018-11-11 15:45:49,364: None
[DEBUG]2018-11-11 15:45:49,364: None
[DEBUG]2018-11-11 15:45:49,364: None
[DEBUG]2018-11-11 15:45:49,364: None
[DEBUG]2018-11-11 15:45:49,364: None
[DEBUG]2018-11-11 15:45:49,364: None
[DEBUG]2018-11-11 15:45:49,379: None
[DEBUG]2018-11-11 15:45:49,379: None
[DEBUG]2018-11-11 15:45:49,379: None
[DEBUG]2018-11-11 15:45:49,379: None
[DEBUG]2018-11-11 15:45:49,379: None
[DEBUG]2018-11-11 15:45:49,379: None
[DEBUG]2018-11-11 15:45:49,379: None
[DEBUG]2018-11-11 15:45:49,379: None
[DEBUG]2018-11-11 15:45:49,379: None
[DEBUG]2018-11-11 15:45:49,379: None
[DEBUG]2018-11-11 15:45:49,379: None
[DEBUG]2018-11-11 15:45:49,379: None
[DEBUG]2018-11-11 15:45:49,379: None
[DEBUG]2018-11-11 15:45:49,379: None
[DEBUG]2018-11-11 15:45:49,379: None
[DEBUG]2018-11-11 15:45:49,379: None
[DEBUG]2018-11-11 15:45:49,379: None
[DEBUG]2018-11-11 15:45:49,379: None
[DEBUG]2018-11-11 15:45:49,379: None
[DEBUG]2018-11-11 15:45:49,379: None
[DEBUG]2018-11-11 15:45:49,379: None
[DEBUG]2018-11-11 15:45:49,379: None
[DEBUG]2018-11-11 15:45:49,379: None
[DEBUG]2018-11-11 15:45:49,379: None
[DEBUG]2018-11-11 15:45:49,379: None
[DEBUG]2018-11-11 15:45:49,379: None
[DEBUG]2018-11-11 15:45:49,379: None
[DEBUG]2018-11-11 15:45:49,379: None
[DEBUG]2018-11-11 15:45:49,379: None
[DEBUG]2018-11-11 15:45:49,379: None
[DEBUG]2018-11-11 15:45:49,379: None
[DEBUG]2018-11-11 15:45:49,379: None
[DEBUG]2018-11-11 15:45:49,379: None
[DEBUG]2018-11-11 15:45:49,379: None
[DEBUG]2018-11-11 15:45:49,379: None
[DEBUG]2018-11-11 15:45:49,379: None
[DEBUG]2018-11-11 15:45:49,379: None
[DEBUG]2018-11-11 15:45:49,379: None
[DEBUG]2018-11-11 15:45:49,379: None
[DEBUG]2018-11-11 15:45:49,379: None
[DEBUG]2018-11-11 15:45:49,379: None
[DEBUG]2018-11-11 15:45:49,379: None
[DEBUG]2018-11-11 15:45:49,379: None
[DEBUG]2018-11-11 15:45:49,379: None
[DEBUG]2018-11-11 15:45:49,379: None
[DEBUG]2018-11-11 15:45:49,379: None
[DEBUG]2018-11-11 15:45:49,379: None
[DEBUG]2018-11-11 15:45:49,379: None
[DEBUG]2018-11-11 15:45:49,379: None
[DEBUG]2018-11-11 15:45:49,379: None
[DEBUG]2018-11-11 15:45:49,379: None
[DEBUG]2018-11-11 15:45:49,379: None
[DEBUG]2018-11-11 15:45:49,379: None
[DEBUG]2018-11-11 15:45:49,379: None
[DEBUG]2018-11-11 15:45:49,379: <re.Match object; span=(2010, 2078), match='typedef enum {\n    InitPState,\n    FirstState,\>
[DEBUG]2018-11-11 15:45:49,379: <re.Match object; span=(2010, 2078), match='typedef enum {\n    InitPState,\n    FirstState,\>
[DEBUG]2018-11-11 15:45:49,379: <re.Match object; span=(2010, 2078), match='typedef enum {\n    InitPState,\n    FirstState,\>
[DEBUG]2018-11-11 15:45:49,379: <re.Match object; span=(2010, 2078), match='typedef enum {\n    InitPState,\n    FirstState,\>
[DEBUG]2018-11-11 15:45:49,379: <re.Match object; span=(2010, 2078), match='typedef enum {\n    InitPState,\n    FirstState,\>
[DEBUG]2018-11-11 15:45:49,379: <re.Match object; span=(2010, 2078), match='typedef enum {\n    InitPState,\n    FirstState,\>
[DEBUG]2018-11-11 15:45:49,379: <re.Match object; span=(2010, 2078), match='typedef enum {\n    InitPState,\n    FirstState,\>
[DEBUG]2018-11-11 15:45:49,379: <re.Match object; span=(2010, 2078), match='typedef enum {\n    InitPState,\n    FirstState,\>
[DEBUG]2018-11-11 15:45:49,379: <re.Match object; span=(2010, 2078), match='typedef enum {\n    InitPState,\n    FirstState,\>
[DEBUG]2018-11-11 15:45:49,379: <re.Match object; span=(2010, 2078), match='typedef enum {\n    InitPState,\n    FirstState,\>
[DEBUG]2018-11-11 15:45:49,379: <re.Match object; span=(2010, 2078), match='typedef enum {\n    InitPState,\n    FirstState,\>
[DEBUG]2018-11-11 15:45:49,379: <re.Match object; span=(2010, 2078), match='typedef enum {\n    InitPState,\n    FirstState,\>
[DEBUG]2018-11-11 15:45:49,379: <re.Match object; span=(2010, 2078), match='typedef enum {\n    InitPState,\n    FirstState,\>
[DEBUG]2018-11-11 15:45:49,379: <re.Match object; span=(2010, 2078), match='typedef enum {\n    InitPState,\n    FirstState,\>
[DEBUG]2018-11-11 15:45:49,379: <re.Match object; span=(2010, 2078), match='typedef enum {\n    InitPState,\n    FirstState,\>
[DEBUG]2018-11-11 15:45:49,379: <re.Match object; span=(2010, 2078), match='typedef enum {\n    InitPState,\n    FirstState,\>
[DEBUG]2018-11-11 15:45:49,379: ['InitPState', 'FirstState']
[DEBUG]2018-11-11 15:45:49,379: ['InitPState', 'FirstState']
[DEBUG]2018-11-11 15:45:49,379: ['InitPState', 'FirstState']
[DEBUG]2018-11-11 15:45:49,379: ['InitPState', 'FirstState']
[DEBUG]2018-11-11 15:45:49,379: ['InitPState', 'FirstState']
[DEBUG]2018-11-11 15:45:49,379: ['InitPState', 'FirstState']
[DEBUG]2018-11-11 15:45:49,379: ['InitPState', 'FirstState']
[DEBUG]2018-11-11 15:45:49,379: ['InitPState', 'FirstState']
[DEBUG]2018-11-11 15:45:49,379: ['InitPState', 'FirstState']
[DEBUG]2018-11-11 15:45:49,379: ['InitPState', 'FirstState']
[DEBUG]2018-11-11 15:45:49,379: ['InitPState', 'FirstState']
[DEBUG]2018-11-11 15:45:49,379: ['InitPState', 'FirstState']
[DEBUG]2018-11-11 15:45:49,379: ['InitPState', 'FirstState']
[DEBUG]2018-11-11 15:45:49,379: ['InitPState', 'FirstState']
[DEBUG]2018-11-11 15:45:49,379: ['InitPState', 'FirstState']
[DEBUG]2018-11-11 15:45:49,379: ['InitPState', 'FirstState']
[DEBUG]2018-11-11 15:45:49,379: 
static const char *StateNames[] = {
	"InitPState",
	"FirstState",
};


[DEBUG]2018-11-11 15:45:49,379: 
static const char *StateNames[] = {
	"InitPState",
	"FirstState",
};


[DEBUG]2018-11-11 15:45:49,379: 
static const char *StateNames[] = {
	"InitPState",
	"FirstState",
};


[DEBUG]2018-11-11 15:45:49,379: 
static const char *StateNames[] = {
	"InitPState",
	"FirstState",
};


[DEBUG]2018-11-11 15:45:49,379: 
static const char *StateNames[] = {
	"InitPState",
	"FirstState",
};


[DEBUG]2018-11-11 15:45:49,379: 
static const char *StateNames[] = {
	"InitPState",
	"FirstState",
};


[DEBUG]2018-11-11 15:45:49,379: 
static const char *StateNames[] = {
	"InitPState",
	"FirstState",
};


[DEBUG]2018-11-11 15:45:49,379: 
static const char *StateNames[] = {
	"InitPState",
	"FirstState",
};


[DEBUG]2018-11-11 15:45:49,379: 
static const char *StateNames[] = {
	"InitPState",
	"FirstState",
};


[DEBUG]2018-11-11 15:45:49,379: 
static const char *StateNames[] = {
	"InitPState",
	"FirstState",
};


[DEBUG]2018-11-11 15:45:49,379: 
static const char *StateNames[] = {
	"InitPState",
	"FirstState",
};


[DEBUG]2018-11-11 15:45:49,379: 
static const char *StateNames[] = {
	"InitPState",
	"FirstState",
};


[DEBUG]2018-11-11 15:45:49,379: 
static const char *StateNames[] = {
	"InitPState",
	"FirstState",
};


[DEBUG]2018-11-11 15:45:49,379: 
static const char *StateNames[] = {
	"InitPState",
	"FirstState",
};


[DEBUG]2018-11-11 15:45:49,379: 
static const char *StateNames[] = {
	"InitPState",
	"FirstState",
};


[DEBUG]2018-11-11 15:45:49,379: 
static const char *StateNames[] = {
	"InitPState",
	"FirstState",
};


[DEBUG]2018-11-11 15:45:49,379: None
[DEBUG]2018-11-11 15:45:49,379: None
[DEBUG]2018-11-11 15:45:49,379: None
[DEBUG]2018-11-11 15:45:49,379: None
[DEBUG]2018-11-11 15:45:49,379: None
[DEBUG]2018-11-11 15:45:49,379: None
[DEBUG]2018-11-11 15:45:49,379: None
[DEBUG]2018-11-11 15:45:49,379: None
[DEBUG]2018-11-11 15:45:49,379: None
[DEBUG]2018-11-11 15:45:49,379: None
[DEBUG]2018-11-11 15:45:49,379: None
[DEBUG]2018-11-11 15:45:49,379: None
[DEBUG]2018-11-11 15:45:49,379: None
[DEBUG]2018-11-11 15:45:49,379: None
[DEBUG]2018-11-11 15:45:49,379: None
[DEBUG]2018-11-11 15:45:49,379: None
[DEBUG]2018-11-11 15:45:49,379: None
[DEBUG]2018-11-11 15:45:49,379: <re.Match object; span=(1568, 1645), match='typedef enum {\n    InitPSubState,\n    SubFirstS>
[DEBUG]2018-11-11 15:45:49,379: <re.Match object; span=(1568, 1645), match='typedef enum {\n    InitPSubState,\n    SubFirstS>
[DEBUG]2018-11-11 15:45:49,379: <re.Match object; span=(1568, 1645), match='typedef enum {\n    InitPSubState,\n    SubFirstS>
[DEBUG]2018-11-11 15:45:49,379: <re.Match object; span=(1568, 1645), match='typedef enum {\n    InitPSubState,\n    SubFirstS>
[DEBUG]2018-11-11 15:45:49,379: <re.Match object; span=(1568, 1645), match='typedef enum {\n    InitPSubState,\n    SubFirstS>
[DEBUG]2018-11-11 15:45:49,379: <re.Match object; span=(1568, 1645), match='typedef enum {\n    InitPSubState,\n    SubFirstS>
[DEBUG]2018-11-11 15:45:49,379: <re.Match object; span=(1568, 1645), match='typedef enum {\n    InitPSubState,\n    SubFirstS>
[DEBUG]2018-11-11 15:45:49,379: <re.Match object; span=(1568, 1645), match='typedef enum {\n    InitPSubState,\n    SubFirstS>
[DEBUG]2018-11-11 15:45:49,379: <re.Match object; span=(1568, 1645), match='typedef enum {\n    InitPSubState,\n    SubFirstS>
[DEBUG]2018-11-11 15:45:49,379: <re.Match object; span=(1568, 1645), match='typedef enum {\n    InitPSubState,\n    SubFirstS>
[DEBUG]2018-11-11 15:45:49,379: <re.Match object; span=(1568, 1645), match='typedef enum {\n    InitPSubState,\n    SubFirstS>
[DEBUG]2018-11-11 15:45:49,379: <re.Match object; span=(1568, 1645), match='typedef enum {\n    InitPSubState,\n    SubFirstS>
[DEBUG]2018-11-11 15:45:49,379: <re.Match object; span=(1568, 1645), match='typedef enum {\n    InitPSubState,\n    SubFirstS>
[DEBUG]2018-11-11 15:45:49,379: <re.Match object; span=(1568, 1645), match='typedef enum {\n    InitPSubState,\n    SubFirstS>
[DEBUG]2018-11-11 15:45:49,379: <re.Match object; span=(1568, 1645), match='typedef enum {\n    InitPSubState,\n    SubFirstS>
[DEBUG]2018-11-11 15:45:49,379: <re.Match object; span=(1568, 1645), match='typedef enum {\n    InitPSubState,\n    SubFirstS>
[DEBUG]2018-11-11 15:45:49,379: <re.Match object; span=(1568, 1645), match='typedef enum {\n    InitPSubState,\n    SubFirstS>
[DEBUG]2018-11-11 15:45:49,379: <re.Match object; span=(1568, 1645), match='typedef enum {\n    InitPSubState,\n    SubFirstS>
[DEBUG]2018-11-11 15:45:49,379: ['InitPSubState', 'SubFirstState']
[DEBUG]2018-11-11 15:45:49,379: ['InitPSubState', 'SubFirstState']
[DEBUG]2018-11-11 15:45:49,379: ['InitPSubState', 'SubFirstState']
[DEBUG]2018-11-11 15:45:49,379: ['InitPSubState', 'SubFirstState']
[DEBUG]2018-11-11 15:45:49,379: ['InitPSubState', 'SubFirstState']
[DEBUG]2018-11-11 15:45:49,379: ['InitPSubState', 'SubFirstState']
[DEBUG]2018-11-11 15:45:49,379: ['InitPSubState', 'SubFirstState']
[DEBUG]2018-11-11 15:45:49,379: ['InitPSubState', 'SubFirstState']
[DEBUG]2018-11-11 15:45:49,379: ['InitPSubState', 'SubFirstState']
[DEBUG]2018-11-11 15:45:49,379: ['InitPSubState', 'SubFirstState']
[DEBUG]2018-11-11 15:45:49,379: ['InitPSubState', 'SubFirstState']
[DEBUG]2018-11-11 15:45:49,379: ['InitPSubState', 'SubFirstState']
[DEBUG]2018-11-11 15:45:49,379: ['InitPSubState', 'SubFirstState']
[DEBUG]2018-11-11 15:45:49,379: ['InitPSubState', 'SubFirstState']
[DEBUG]2018-11-11 15:45:49,379: ['InitPSubState', 'SubFirstState']
[DEBUG]2018-11-11 15:45:49,379: ['InitPSubState', 'SubFirstState']
[DEBUG]2018-11-11 15:45:49,379: ['InitPSubState', 'SubFirstState']
[DEBUG]2018-11-11 15:45:49,379: ['InitPSubState', 'SubFirstState']
[DEBUG]2018-11-11 15:45:49,379: 
static const char *StateNames[] = {
	"InitPSubState",
	"SubFirstState",
};


[DEBUG]2018-11-11 15:45:49,379: 
static const char *StateNames[] = {
	"InitPSubState",
	"SubFirstState",
};


[DEBUG]2018-11-11 15:45:49,379: 
static const char *StateNames[] = {
	"InitPSubState",
	"SubFirstState",
};


[DEBUG]2018-11-11 15:45:49,379: 
static const char *StateNames[] = {
	"InitPSubState",
	"SubFirstState",
};


[DEBUG]2018-11-11 15:45:49,379: 
static const char *StateNames[] = {
	"InitPSubState",
	"SubFirstState",
};


[DEBUG]2018-11-11 15:45:49,379: 
static const char *StateNames[] = {
	"InitPSubState",
	"SubFirstState",
};


[DEBUG]2018-11-11 15:45:49,379: 
static const char *StateNames[] = {
	"InitPSubState",
	"SubFirstState",
};


[DEBUG]2018-11-11 15:45:49,379: 
static const char *StateNames[] = {
	"InitPSubState",
	"SubFirstState",
};


[DEBUG]2018-11-11 15:45:49,379: 
static const char *StateNames[] = {
	"InitPSubState",
	"SubFirstState",
};


[DEBUG]2018-11-11 15:45:49,379: 
static const char *StateNames[] = {
	"InitPSubState",
	"SubFirstState",
};


[DEBUG]2018-11-11 15:45:49,379: 
static const char *StateNames[] = {
	"InitPSubState",
	"SubFirstState",
};


[DEBUG]2018-11-11 15:45:49,379: 
static const char *StateNames[] = {
	"InitPSubState",
	"SubFirstState",
};


[DEBUG]2018-11-11 15:45:49,379: 
static const char *StateNames[] = {
	"InitPSubState",
	"SubFirstState",
};


[DEBUG]2018-11-11 15:45:49,379: 
static const char *StateNames[] = {
	"InitPSubState",
	"SubFirstState",
};


[DEBUG]2018-11-11 15:45:49,379: 
static const char *StateNames[] = {
	"InitPSubState",
	"SubFirstState",
};


[DEBUG]2018-11-11 15:45:49,379: 
static const char *StateNames[] = {
	"InitPSubState",
	"SubFirstState",
};


[DEBUG]2018-11-11 15:45:49,379: 
static const char *StateNames[] = {
	"InitPSubState",
	"SubFirstState",
};


[DEBUG]2018-11-11 15:45:49,379: 
static const char *StateNames[] = {
	"InitPSubState",
	"SubFirstState",
};


[DEBUG]2018-11-11 15:45:49,395: None
[DEBUG]2018-11-11 15:45:49,395: None
[DEBUG]2018-11-11 15:45:49,395: None
[DEBUG]2018-11-11 15:45:49,395: None
[DEBUG]2018-11-11 15:45:49,395: None
[DEBUG]2018-11-11 15:45:49,395: None
[DEBUG]2018-11-11 15:45:49,395: None
[DEBUG]2018-11-11 15:45:49,395: None
[DEBUG]2018-11-11 15:45:49,395: None
[DEBUG]2018-11-11 15:45:49,395: None
[DEBUG]2018-11-11 15:45:49,395: None
[DEBUG]2018-11-11 15:45:49,395: None
[DEBUG]2018-11-11 15:45:49,395: None
[DEBUG]2018-11-11 15:45:49,395: None
[DEBUG]2018-11-11 15:45:49,395: None
[DEBUG]2018-11-11 15:45:49,395: None
[DEBUG]2018-11-11 15:45:49,395: None
[DEBUG]2018-11-11 15:45:49,395: None
[DEBUG]2018-11-11 15:45:49,395: None
