-16456
-16456
-16456
-16456
-16544
-16544
-16544
-16544
-16544
-16544
-16544
-16368
-16368
-16368
-16368
-16368
-16368
-16304
-16304
-16304
-16304
-16304
-16304
-16304
-16384
-16384
-16384
-16384
-16384
-16384
-16384
-16240
-16240
-16240
-16240
-16240
-16240
-16240
-16432
-16432
-16432
-16432
-16432
-16432
-16408
-16408
-16408
-16408
-16408
-16408
-16408
-16416
-16416
-16416
-16416
-16416
-16416
-16416
-16360
-16360
-16360
-16360
-16360
-16360
-16360
-16304
-16304
-16304
-16304
-16304
-16304
-16304
-16296
-16296
-16296
-16296
-16296
-16296
-16440
-16440
-16440
-16440
-16440
-16440
-16440
-16312
-16312
-16312
-16312
-16312
-16312
-16312
-16576
-16576
-16576
-16576
-16576
-16576
-16576
-16464
-16464
-16464
-16464
-16464
-16464
-16456
-16456
-16456
-16456
-16456
-16456
-16456
-16352
-16352
-16352
-16352
-16352
-16352
-16352
-16264
-16264
-16264
-16264
-16264
-16264
-16264
-16456
-16456
-16456
-16456
-16456
-16456
-16456
-16248
-16248
-16248
-16248
-16248
-16248
-16384
-16384
-16384
-16384
-16384
-16384
-16384
-16408
-16408
-16408
-16408
-16408
-16408
-16408
-16440
-16440
-16440
-16440
-16440
-16440
-16440
-16336
-16336
-16336
-16336
-16336
-16336
-16336
-16440
-16440
-16440
-16440
-16440
-16440
-16384
-16384
-16384
-16384
-16384
-16384
-16384
-16328
-16328
-16328
-16328
-16328
-16328
-16328
-16312
-16312
-16312
-16312
-16312
-16312
-16312
-16280
-16280
-16280
-16280
-16280
-16280
-16296
-16296
-16296
-16296
-16296
-16296
-16296
-16296
-16296
-16296
-16296
-16296
-16296
-16296
-16456
-16456
-16456
-16456
-16456
-16456
-16456
-16472
-16472
-16472
-16472
-16472
-16472
-16472
-16440
-16440
-16440
-16440
-16440
-16440
-16360
-16360
-16360
-16360
-16360
-16360
-16360
-16488
-16488
-16488
-16488
-16488
-16488
-16488
-16504
-16504
16472
16472
16472
16472
16272
16272
16272
16272
16272
16272
16272
16432
16432
16432
16432
16432
16432
16432
16480
16480
16480
16480
16480
16480
16480
16392
16392
16392
16392
16392
16392
16392
16504
16504
16504
16504
16504
16504
16504
16496
16496
16496
16496
16496
16496
16496
16288
16288
16288
16288
16288
16288
16288
16400
16400
16400
16400
16400
16400
16400
16464
16464
16464
16464
16464
16464
16464
16600
16600
16600
16600
16600
16600
16600
16400
16400
16400
16400
16400
16400
16400
16440
16440
16440
16440
16440
16440
16440
16416
16416
16416
16416
16416
16416
16416
16456
16456
16456
16456
16456
16456
16456
16568
16568
16568
16568
16568
16568
16568
16360
16360
16360
16360
16360
16360
16360
16448
16448
16448
16448
16448
16448
16448
16432
16432
16432
16432
16432
16432
16432
16472
16472
16472
16472
16472
16472
16472
16448
16448
16448
16448
16448
16448
16448
16448
16448
16448
16448
16448
16448
16448
16544
16544
16544
16544
16544
16544
16544
16248
16248
16248
16248
16248
16248
16248
16440
16440
16440
16440
16440
16440
16440
16344
16344
16344
16344
16344
16344
16344
16664
16664
16664
16664
16664
16664
16664
16440
16440
16440
16440
16440
16440
16440
16480
16480
16480
16480
16480
16480
16480
16432
16432
16432
16432
16432
16432
16432
16344
16344
16344
16344
16344
16344
16344
16344
16344
16344
16344
16344
16344
16344
16472
16472
16472
16472
16472
16472
16472
16312
16312
16312
16312
16312
16312
16312
16488
16488
16488
16488
16488
16488
16488
16528
16528
16528
16528
16528
16528
16528
16416
