-16120
-16120
-16120
-16120
-16120
-16120
-16120
-16224
-16224
-16224
-16224
-16224
-16224
-16224
-16336
-16336
-16336
-16336
-16336
-16336
-16248
-16248
-16248
-16248
-16248
-16248
-16248
-16352
-16352
-16352
-16352
-16352
-16352
-16352
-16048
-16048
-16048
-16048
-16048
-16048
-16048
-16152
-16152
-16152
-16152
-16152
-16152
-16008
-16008
-16008
-16008
-16008
-16008
-16008
-16296
-16296
-16296
-16296
-16296
-16296
-16296
-16056
-16056
-16056
-16056
-16056
-16056
-16056
-16344
-16344
-16344
-16344
-16344
-16344
-16344
-16232
-16232
-16232
-16232
-16232
-16232
-16224
-16224
-16224
-16224
-16224
-16224
-16224
-16280
-16280
-16280
-16280
-16280
-16280
-16280
-16208
-16208
-16208
-16208
-16208
-16208
-16208
-16240
-16240
-16240
-16240
-16240
-16240
-16280
-16280
-16280
-16280
-16280
-16280
-16280
-16240
-16240
-16240
-16240
-16240
-16240
-16240
-16096
-16096
-16096
-16096
-16096
-16096
-16096
-16216
-16216
-16216
-16216
-16216
-16216
-16208
-16208
-16208
-16208
-16208
-16208
-16208
-16160
-16160
-16160
-16160
-16160
-16160
-16160
-16296
-16296
-16296
-16296
-16296
-16296
-16296
-16024
-16024
-16024
-16024
-16024
-16024
-16024
-16272
-16272
-16272
-16272
-16272
-16272
-16048
-16048
-16048
-16048
-16048
-16048
-16048
-16120
-16120
-16120
-16120
-16120
-16120
-16120
-16072
-16072
-16072
-16072
-16072
-16072
-16072
-16104
-16104
-16104
-16104
-16104
-16104
-16128
-16128
-16128
-16128
-16128
-16128
-16128
-16344
-16344
-16344
-16344
-16344
-16344
-16344
-16128
-16128
-16128
-16128
-16128
-16128
-16128
-16176
-16176
-16176
-16176
-16176
-16176
-16288
-16288
-16288
-16288
-16288
-16288
-16288
-16152
-16152
-16152
-16152
-16152
-16152
-16152
-16064
-16064
-16064
-16064
-16064
-16064
-16064
-16120
-16120
-16120
-16120
-16120
-16120
17072
17072
17072
17072
17168
17168
17168
17168
17168
17168
17168
16784
16784
16784
16784
16784
16784
16784
16824
16824
16824
16824
16824
16824
16824
16824
16824
16824
16824
16824
16824
16824
17032
17032
17032
17032
17032
17032
17032
16896
16896
16896
16896
16896
16896
16896
17064
17064
17064
17064
17064
17064
17064
17048
17048
17048
17048
17048
17048
17048
17376
17376
17376
17376
17376
17376
17376
16888
16888
16888
16888
16888
16888
16888
16568
16568
16568
16568
16568
16568
16568
16992
16992
16992
16992
16992
16992
16992
16768
16768
16768
16768
16768
16768
16768
17000
17000
17000
17000
17000
17000
17000
17128
17128
17128
17128
17128
17128
17128
16896
16896
16896
16896
16896
16896
16896
16792
16792
16792
16792
16792
16792
16792
17008
17008
17008
17008
17008
17008
17008
16952
16952
16952
16952
16952
16952
16952
16760
16760
16760
16760
16760
16760
16760
16888
16888
16888
16888
16888
16888
16888
16936
16936
16936
16936
16936
16936
16936
16976
16976
16976
16976
16976
16976
16976
16880
16880
16880
16880
16880
16880
16880
16864
16864
16864
16864
16864
16864
16864
16640
16640
16640
16640
16640
16640
16640
16856
16856
16856
16856
16856
16856
16856
17144
17144
17144
17144
17144
17144
17144
16936
16936
16936
16936
16936
16936
16936
16872
16872
16872
16872
16872
16872
16872
16992
16992
16992
16992
16992
16992
16992
17000
17000
17000
17000
17000
17000
17000
16856
16856
16856
16856
16856
16856
16856
16832
16832
16832
16832
16832
16832
16832
17184
17184
17184
17184
17184
17184
17184
16840
