-15888
-15888
-15888
-15888
-15848
-15848
-15848
-15848
-15848
-15848
-16048
-16048
-16048
-16048
-16048
-16048
-16048
-15768
-15768
-15768
-15768
-15768
-15768
-15768
-15712
-15712
-15712
-15712
-15712
-15712
-15712
-15768
-15768
-15768
-15768
-15768
-15768
-15768
-15816
-15816
-15816
-15816
-15816
-15816
-15888
-15888
-15888
-15888
-15888
-15888
-15888
-15936
-15936
-15936
-15936
-15936
-15936
-15936
-15968
-15968
-15968
-15968
-15968
-15968
-15968
-16000
-16000
-16000
-16000
-16000
-16000
-15816
-15816
-15816
-15816
-15816
-15816
-15816
-15808
-15808
-15808
-15808
-15808
-15808
-15808
-15872
-15872
-15872
-15872
-15872
-15872
-15872
-15832
-15832
-15832
-15832
-15832
-15832
-15832
-15944
-15944
-15944
-15944
-15944
-15944
-15848
-15848
-15848
-15848
-15848
-15848
-15848
-16120
-16120
-16120
-16120
-16120
-16120
-16120
-15784
-15784
-15784
-15784
-15784
-15784
-15784
-15696
-15696
-15696
-15696
-15696
-15696
-15696
-16000
-16000
-16000
-16000
-16000
-16000
-15752
-15752
-15752
-15752
-15752
-15752
-15752
-15848
-15848
-15848
-15848
-15848
-15848
-15848
-15832
-15832
-15832
-15832
-15832
-15832
-15832
-15960
-15960
-15960
-15960
-15960
-15960
-15824
-15824
-15824
-15824
-15824
-15824
-15824
-15848
-15848
-15848
-15848
-15848
-15848
-15848
-15912
-15912
-15912
-15912
-15912
-15912
-15912
-15992
-15992
-15992
-15992
-15992
-15992
-15992
-15848
-15848
-15848
-15848
-15848
-15848
-15712
-15712
-15712
-15712
-15712
-15712
-15712
-15920
-15920
-15920
-15920
-15920
-15920
-15920
-15904
-15904
-15904
-15904
-15904
-15904
-15904
-16040
-16040
-16040
-16040
-16040
-16040
-15880
-15880
-15880
-15880
-15880
-15880
-15880
-15816
-15816
-15816
-15816
-15816
-15816
-15816
-15808
-15808
-15808
-15808
-15808
-15808
-15808
-15760
-15760
16816
16816
16816
16816
16912
16912
16912
16912
16912
16912
16912
16832
16832
16832
16832
16832
16832
16832
16904
16904
16904
16904
16904
16904
16904
16952
16952
16952
16952
16952
16952
16952
17056
17056
17056
17056
17056
17056
17056
16904
16904
16904
16904
16904
16904
16904
16816
16816
16816
16816
16816
16816
16816
16888
16888
16888
16888
16888
16888
16888
16808
16808
16808
16808
16808
16808
16808
16864
16864
16864
16864
16864
16864
16864
16984
16984
16984
16984
16984
16984
16984
16920
16920
16920
16920
16920
16920
16920
17072
17072
17072
17072
17072
17072
17072
16744
16744
16744
16744
16744
16744
16744
16904
16904
16904
16904
16904
16904
16904
16848
16848
16848
16848
16848
16848
16848
16720
16720
16720
16720
16720
16720
16720
16792
16792
16792
16792
16792
16792
16792
16840
16840
16840
16840
16840
16840
16840
17088
17088
17088
17088
17088
17088
17088
17120
17120
17120
17120
17120
17120
17120
16976
16976
16976
16976
16976
16976
16976
16808
16808
16808
16808
16808
16808
16808
16840
16840
16840
16840
16840
16840
16840
16944
16944
16944
16944
16944
16944
16944
16888
16888
16888
16888
16888
16888
16888
16840
16840
16840
16840
16840
16840
16840
17064
17064
17064
17064
17064
17064
17064
17000
17000
17000
17000
17000
17000
17000
16992
16992
16992
16992
16992
16992
16992
16936
16936
16936
16936
16936
16936
16936
16944
16944
16944
16944
16944
16944
16944
16856
16856
16856
16856
16856
16856
16856
16856
16856
16856
16856
16856
16856
16856
16912
16912
16912
16912
16912
16912
16912
16840
